<?xml version="1.0" encoding="utf-8" standalone="no"?>
<!--This file represents the results of running a test suite-->
<test-results name="D:\projects\BaseMaster\BaseMaster.Tests\bin\Release\BaseMaster.Tests.dll" total="12" errors="0" failures="0" not-run="0" inconclusive="11" ignored="0" skipped="0" invalid="0" date="2011-02-23" time="16:21:29">
  <environment nunit-version="2.5.9.10348" clr-version="2.0.50727.4952" os-version="Microsoft Windows NT 6.1.7600.0" platform="Win32NT" cwd="C:\Program Files (x86)\NUnit 2.5.9\bin\net-2.0" machine-name="TESLA" user="Robert" user-domain="TESLA" />
  <culture-info current-culture="en-US" current-uiculture="en-US" />
  <test-suite type="Assembly" name="D:\projects\BaseMaster\BaseMaster.Tests\bin\Release\BaseMaster.Tests.dll" executed="True" result="Success" success="True" time="0.114" asserts="0">
    <results>
      <test-suite type="Namespace" name="BaseMaster" executed="True" result="Success" success="True" time="0.096" asserts="0">
        <results>
          <test-suite type="Namespace" name="Tests" executed="True" result="Success" success="True" time="0.092" asserts="0">
            <results>
              <test-suite type="TestFixture" name="BaseMaster" executed="True" result="Success" success="True" time="0.089" asserts="0">
                <results>
                  <test-case name="BaseMaster.Tests.BaseMaster.TestBinToDec" executed="True" result="Inconclusive" success="False" time="0.029" asserts="0">
                    <reason>
                      <message><![CDATA[]]></message>
                    </reason>
                  </test-case>
                  <test-case name="BaseMaster.Tests.BaseMaster.TestBinToHex" executed="True" result="Inconclusive" success="False" time="0.000" asserts="0">
                    <reason>
                      <message><![CDATA[]]></message>
                    </reason>
                  </test-case>
                  <test-case name="BaseMaster.Tests.BaseMaster.TestBinToOct" executed="True" result="Inconclusive" success="False" time="0.001" asserts="0">
                    <reason>
                      <message><![CDATA[]]></message>
                    </reason>
                  </test-case>
                  <test-case name="BaseMaster.Tests.BaseMaster.TestDecToBin" executed="True" result="Inconclusive" success="False" time="0.001" asserts="0">
                    <reason>
                      <message><![CDATA[]]></message>
                    </reason>
                  </test-case>
                  <test-case name="BaseMaster.Tests.BaseMaster.TestDecToHex" executed="True" result="Success" success="True" time="0.013" asserts="1" />
                  <test-case name="BaseMaster.Tests.BaseMaster.TestDecToOct" executed="True" result="Inconclusive" success="False" time="0.001" asserts="0">
                    <reason>
                      <message><![CDATA[]]></message>
                    </reason>
                  </test-case>
                  <test-case name="BaseMaster.Tests.BaseMaster.TestHexToBin" executed="True" result="Inconclusive" success="False" time="0.001" asserts="0">
                    <reason>
                      <message><![CDATA[]]></message>
                    </reason>
                  </test-case>
                  <test-case name="BaseMaster.Tests.BaseMaster.TestHexToDec" executed="True" result="Inconclusive" success="False" time="0.001" asserts="0">
                    <reason>
                      <message><![CDATA[]]></message>
                    </reason>
                  </test-case>
                  <test-case name="BaseMaster.Tests.BaseMaster.TestHexToOct" executed="True" result="Inconclusive" success="False" time="0.001" asserts="0">
                    <reason>
                      <message><![CDATA[]]></message>
                    </reason>
                  </test-case>
                  <test-case name="BaseMaster.Tests.BaseMaster.TestOctToBin" executed="True" result="Inconclusive" success="False" time="0.000" asserts="0">
                    <reason>
                      <message><![CDATA[]]></message>
                    </reason>
                  </test-case>
                  <test-case name="BaseMaster.Tests.BaseMaster.TestOctToDec" executed="True" result="Inconclusive" success="False" time="0.001" asserts="0">
                    <reason>
                      <message><![CDATA[]]></message>
                    </reason>
                  </test-case>
                  <test-case name="BaseMaster.Tests.BaseMaster.TestOctToHex" executed="True" result="Inconclusive" success="False" time="0.001" asserts="0">
                    <reason>
                      <message><![CDATA[]]></message>
                    </reason>
                  </test-case>
                </results>
              </test-suite>
            </results>
          </test-suite>
        </results>
      </test-suite>
    </results>
  </test-suite>
</test-results>